<?xml version="1.0" encoding="UTF-8"?>
<testng-results ignored="0" total="1" passed="1" failed="0" skipped="0">
  <reporter-output>
  </reporter-output>
  <suite started-at="2020-11-07T17:57:07Z" name="Default suite" finished-at="2020-11-07T17:57:08Z" duration-ms="460">
    <groups>
    </groups>
    <test started-at="2020-11-07T17:57:07Z" name="Default test" finished-at="2020-11-07T17:57:08Z" duration-ms="460">
      <class name="test.NewTest">
        <test-method signature="f()[pri:0, instance:test.NewTest@4b0d79fc]" started-at="2020-11-07T11:57:07Z" name="f" finished-at="2020-11-07T11:57:08Z" duration-ms="118" status="PASS">
          <reporter-output>
          </reporter-output>
        </test-method> <!-- f -->
      </class> <!-- test.NewTest -->
    </test> <!-- Default test -->
  </suite> <!-- Default suite -->
</testng-results>
